
01/25/25 10:08:07: main.scss - Undefined variable $p-mobile: _layout.scss on line 23, at column 3
Call Stack:
#0 import _layout.scss main.scss on line 3
01/25/25 10:10:08: main.scss - Undefined mixin media-query: _layout.scss on line 29, at column 3
Call Stack:
#0 import _layout.scss main.scss on line 3
01/26/25 8:53:36: main.scss - Undefined mixin breakpoint: modules/_events.scss on line 5, at column 3
Call Stack:
#0 import modules/_events.scss main.scss on line 6
01/26/25 8:53:42: main.scss - Undefined mixin breakpoint: modules/_events.scss on line 5, at column 3
Call Stack:
#0 import modules/_events.scss main.scss on line 6
01/26/25 8:53:48: main.scss - Undefined mixin breakpoint: modules/_events.scss on line 5, at column 3
Call Stack:
#0 import modules/_events.scss main.scss on line 6
01/26/25 8:53:54: main.scss - Undefined mixin breakpoint: modules/_events.scss on line 5, at column 3
Call Stack:
#0 import modules/_events.scss main.scss on line 6

02/03/25 4:43:39: main.scss - Undefined mixin desktop: ./modules/_slider.scss on line 10, at column 5
Call Stack:
#0 import ./modules/_slider.scss main.scss on line 21
